<?xml version="1.0" encoding="UTF-8"?>
<!-- Generated by org.testng.reporters.JUnitReportReporter -->
<testsuite hostname="Dell7490" failures="0" tests="1" name="selenium.learning.LambdaTest" time="34.119" errors="0" timestamp="2023-02-25T15:40:41 IST" skipped="0">
  <testcase classname="selenium.learning.LambdaTest" name="registerTest" time="34.119"/>
  <system-out/>
</testsuite> <!-- selenium.learning.LambdaTest -->
