<?xml version="1.0" encoding="UTF-8"?>
<!-- Generated by org.testng.reporters.JUnitReportReporter -->
<testsuite hostname="Dell7490" failures="0" tests="1" name="selenium.learning.TestSheepNz" time="3.075" errors="0" timestamp="2023-02-25T13:27:58 IST" skipped="0">
  <testcase classname="selenium.learning.TestSheepNz" name="selectValue" time="3.075"/>
  <system-out/>
</testsuite> <!-- selenium.learning.TestSheepNz -->
