<?xml version="1.0" encoding="UTF-8"?>
<!-- Generated by org.testng.reporters.JUnitReportReporter -->
<testsuite hostname="Dell7490" failures="0" tests="1" name="selenium.learning.DemoTest" time="11.123" errors="0" timestamp="2023-02-25T11:54:13 IST" skipped="0">
  <testcase classname="selenium.learning.DemoTest" name="addFunctionality" time="11.123"/>
  <system-out/>
</testsuite> <!-- selenium.learning.DemoTest -->
